# JRE version: OpenJDK Runtime Environment (7.0_111-b01) (build 1.7.0_111-b01)
# Java VM: OpenJDK 64-Bit Server VM (24.111-b01 mixed mode linux-amd64 compressed oops)
Heap
 PSYoungGen      total 35840K, used 30179K [0x00000007d8680000, 0x00000007dae80000, 0x0000000800000000)
  eden space 30720K, 82% used [0x00000007d8680000,0x00000007d9f56520,0x00000007da480000)
  from space 5120K, 92% used [0x00000007da980000,0x00000007dae22a30,0x00000007dae80000)
  to   space 5120K, 0% used [0x00000007da480000,0x00000007da480000,0x00000007da980000)
 ParOldGen       total 80896K, used 944K [0x0000000789400000, 0x000000078e300000, 0x00000007d8680000)
  object space 80896K, 1% used [0x0000000789400000,0x00000007894ec038,0x000000078e300000)
 PSPermGen       total 22016K, used 21712K [0x000000077ee00000, 0x0000000780380000, 0x0000000789400000)
  object space 22016K, 98% used [0x000000077ee00000,0x00000007803341a8,0x0000000780380000)
GC Heap History (4 events):
Event: 0.976 GC heap before
{Heap before GC invocations=1 (full 0):
 PSYoungGen      total 35840K, used 30720K [0x00000007d8680000, 0x00000007dae80000, 0x0000000800000000)
  eden space 30720K, 100% used [0x00000007d8680000,0x00000007da480000,0x00000007da480000)
  from space 5120K, 0% used [0x00000007da980000,0x00000007da980000,0x00000007dae80000)
  to   space 5120K, 0% used [0x00000007da480000,0x00000007da480000,0x00000007da980000)
 ParOldGen       total 80896K, used 0K [0x0000000789400000, 0x000000078e300000, 0x00000007d8680000)
  object space 80896K, 0% used [0x0000000789400000,0x0000000789400000,0x000000078e300000)
 PSPermGen       total 21504K, used 18584K [0x000000077ee00000, 0x0000000780300000, 0x0000000789400000)
  object space 21504K, 86% used [0x000000077ee00000,0x0000000780026110,0x0000000780300000)
Event: 0.985 GC heap after
Heap after GC invocations=1 (full 0):
 PSYoungGen      total 35840K, used 5101K [0x00000007d8680000, 0x00000007dae80000, 0x0000000800000000)
  eden space 30720K, 0% used [0x00000007d8680000,0x00000007d8680000,0x00000007da480000)
  from space 5120K, 99% used [0x00000007da480000,0x00000007da97b470,0x00000007da980000)
  to   space 5120K, 0% used [0x00000007da980000,0x00000007da980000,0x00000007dae80000)
 ParOldGen       total 80896K, used 936K [0x0000000789400000, 0x000000078e300000, 0x00000007d8680000)
  object space 80896K, 1% used [0x0000000789400000,0x00000007894ea038,0x000000078e300000)
 PSPermGen       total 21504K, used 18584K [0x000000077ee00000, 0x0000000780300000, 0x0000000789400000)
  object space 21504K, 86% used [0x000000077ee00000,0x0000000780026110,0x0000000780300000)
}
Event: 86.550 GC heap before
{Heap before GC invocations=2 (full 0):
 PSYoungGen      total 35840K, used 35821K [0x00000007d8680000, 0x00000007dae80000, 0x0000000800000000)
  eden space 30720K, 100% used [0x00000007d8680000,0x00000007da480000,0x00000007da480000)
  from space 5120K, 99% used [0x00000007da480000,0x00000007da97b470,0x00000007da980000)
  to   space 5120K, 0% used [0x00000007da980000,0x00000007da980000,0x00000007dae80000)
 ParOldGen       total 80896K, used 936K [0x0000000789400000, 0x000000078e300000, 0x00000007d8680000)
  object space 80896K, 1% used [0x0000000789400000,0x00000007894ea038,0x000000078e300000)
 PSPermGen       total 22016K, used 21619K [0x000000077ee00000, 0x0000000780380000, 0x0000000789400000)
  object space 22016K, 98% used [0x000000077ee00000,0x000000078031cc78,0x0000000780380000)
Event: 86.562 GC heap after
Heap after GC invocations=2 (full 0):
 PSYoungGen      total 35840K, used 4746K [0x00000007d8680000, 0x00000007dae80000, 0x0000000800000000)
  eden space 30720K, 0% used [0x00000007d8680000,0x00000007d8680000,0x00000007da480000)
  from space 5120K, 92% used [0x00000007da980000,0x00000007dae22a30,0x00000007dae80000)
  to   space 5120K, 0% used [0x00000007da480000,0x00000007da480000,0x00000007da980000)
 ParOldGen       total 80896K, used 944K [0x0000000789400000, 0x000000078e300000, 0x00000007d8680000)
  object space 80896K, 1% used [0x0000000789400000,0x00000007894ec038,0x000000078e300000)
 PSPermGen       total 22016K, used 21619K [0x000000077ee00000, 0x0000000780380000, 0x0000000789400000)
  object space 22016K, 98% used [0x000000077ee00000,0x000000078031cc78,0x0000000780380000)
}

